<?xml version="1.0" encoding="UTF-8"?>
<testng-results ignored="0" total="1" passed="1" failed="0" skipped="0">
  <reporter-output>
  </reporter-output>
  <suite started-at="2022-11-10T10:14:01 IST" name="Command line suite" finished-at="2022-11-10T10:14:01 IST" duration-ms="8">
    <groups>
    </groups>
    <test started-at="2022-11-10T10:14:01 IST" name="Command line test" finished-at="2022-11-10T10:14:01 IST" duration-ms="8">
      <class name="First_Group.First_A.AppTest">
        <test-method signature="testApp()[pri:0, instance:testApp(First_Group.First_A.AppTest)]" started-at="2022-11-10T10:14:01 IST" name="testApp" finished-at="2022-11-10T10:14:01 IST" duration-ms="2" status="PASS">
          <reporter-output>
          </reporter-output>
        </test-method> <!-- testApp -->
      </class> <!-- First_Group.First_A.AppTest -->
    </test> <!-- Command line test -->
  </suite> <!-- Command line suite -->
</testng-results>
